[debug] [2024-08-16T04:15:03.050Z] ----------------------------------------------------------------------
[debug] [2024-08-16T04:15:03.053Z] Command:       C:\Program Files\nodejs\node.exe C:\Users\placeholder\AppData\Roaming\npm\node_modules\firebase-tools\lib\bin\firebase.js init
[debug] [2024-08-16T04:15:03.053Z] CLI Version:   13.15.2
[debug] [2024-08-16T04:15:03.054Z] Platform:      win32
[debug] [2024-08-16T04:15:03.054Z] Node Version:  v20.12.2
[debug] [2024-08-16T04:15:03.054Z] Time:          Thu Aug 15 2024 22:15:03 GMT-0600 (Mountain Daylight Time)
[debug] [2024-08-16T04:15:03.054Z] ----------------------------------------------------------------------
[debug] 
[debug] [2024-08-16T04:15:03.060Z] > command requires scopes: ["email","openid","https://www.googleapis.com/auth/cloudplatformprojects.readonly","https://www.googleapis.com/auth/firebase","https://www.googleapis.com/auth/cloud-platform"]
[debug] [2024-08-16T04:15:03.061Z] > authorizing via signed-in user (089szuniga@gmail.com)
[info] 
     ######## #### ########  ######## ########     ###     ######  ########
     ##        ##  ##     ## ##       ##     ##  ##   ##  ##       ##
     ######    ##  ########  ######   ########  #########  ######  ######
     ##        ##  ##    ##  ##       ##     ## ##     ##       ## ##
     ##       #### ##     ## ######## ########  ##     ##  ######  ########

You're about to initialize a Firebase project in this directory:

  C:\Users\placeholder\Documents\SERSH-APPS\form\q-form

[info] 
=== Project Setup
[info] 
[info] First, let's associate this project directory with a Firebase project.
[info] You can create multiple project aliases by running firebase use --add, 
[info] but for now we'll just set up a default project.
[info] 
[debug] [2024-08-16T04:15:30.877Z] >>> [apiv2][query] GET https://firebase.googleapis.com/v1beta1/projects pageSize=100
[debug] [2024-08-16T04:15:31.250Z] <<< [apiv2][status] GET https://firebase.googleapis.com/v1beta1/projects 200
[debug] [2024-08-16T04:15:31.250Z] <<< [apiv2][body] GET https://firebase.googleapis.com/v1beta1/projects [omitted]
[info] i  Using project form-test-9a6a5 (form-test) 
[info] 
=== Hosting Setup
[debug] [2024-08-16T04:15:32.171Z] >>> [apiv2][query] GET https://firebase.googleapis.com/v1beta1/projects/form-test-9a6a5 [none]
[debug] [2024-08-16T04:15:32.345Z] <<< [apiv2][status] GET https://firebase.googleapis.com/v1beta1/projects/form-test-9a6a5 200
[debug] [2024-08-16T04:15:32.346Z] <<< [apiv2][body] GET https://firebase.googleapis.com/v1beta1/projects/form-test-9a6a5 {"projectId":"form-test-9a6a5","projectNumber":"545966148240","displayName":"form-test","name":"projects/form-test-9a6a5","resources":{"hostingSite":"form-test-9a6a5"},"state":"ACTIVE","etag":"1_51e08583-1bee-4f3b-ab59-db92a91d22ad"}
[info] 
[info] Your public directory is the folder (relative to your project directory) that
[info] will contain Hosting assets to be uploaded with firebase deploy. If you
[info] have a build process for your assets, use your build's output directory.
[info] 
[info] +  Wrote public/404.html 
[debug] [2024-08-16T04:15:59.599Z] >>> [apiv2][query] GET https://www.gstatic.com/firebasejs/releases.json [none]
[debug] [2024-08-16T04:15:59.690Z] <<< [apiv2][status] GET https://www.gstatic.com/firebasejs/releases.json 200
[debug] [2024-08-16T04:15:59.691Z] <<< [apiv2][body] GET https://www.gstatic.com/firebasejs/releases.json {"current":{"version":"10.13.0","browserURL":"https://www.gstatic.com/firebasejs/10.13.0/firebase.js","packageURL":"https://www.gstatic.com/firebasejs/10.13.0/firebase.tgz"},"live":{"version":"10.13","browserURL":"https://www.gstatic.com/firebasejs/live/10.13/firebase.js","packageURL":"https://www.gstatic.com/firebasejs/live/10.13/firebase.tgz"},"components":{"analytics":"https://www.gstatic.com/firebasejs/10.13.0/firebase-analytics.js","app":"https://www.gstatic.com/firebasejs/10.13.0/firebase-app.js","app-check":"https://www.gstatic.com/firebasejs/10.13.0/firebase-app-check.js","auth":"https://www.gstatic.com/firebasejs/10.13.0/firebase-auth.js","auth/cordova":"https://www.gstatic.com/firebasejs/10.13.0/firebase-auth/cordova.js","auth/web-extension":"https://www.gstatic.com/firebasejs/10.13.0/firebase-auth/web-extension.js","functions":"https://www.gstatic.com/firebasejs/10.13.0/firebase-functions.js","firestore":"https://www.gstatic.com/firebasejs/10.13.0/firebase-firestore.js","firestore/lite":"https://www.gstatic.com/firebasejs/10.13.0/firebase-firestore/lite.js","installations":"https://www.gstatic.com/firebasejs/10.13.0/firebase-installations.js","storage":"https://www.gstatic.com/firebasejs/10.13.0/firebase-storage.js","performance":"https://www.gstatic.com/firebasejs/10.13.0/firebase-performance.js","remote-config":"https://www.gstatic.com/firebasejs/10.13.0/firebase-remote-config.js","messaging":"https://www.gstatic.com/firebasejs/10.13.0/firebase-messaging.js","messaging/sw":"https://www.gstatic.com/firebasejs/10.13.0/firebase-messaging/sw.js","database":"https://www.gstatic.com/firebasejs/10.13.0/firebase-database.js","vertexai-preview":"https://www.gstatic.com/firebasejs/10.13.0/firebase-vertexai-preview.js","firestore.memory":"https://www.gstatic.com/firebasejs/10.13.0/firebase-firestore.memory.js"}}
[info] +  Wrote public/index.html 
[info] 
[info] i  Detected a .git folder at C:\Users\placeholder\Documents\SERSH-APPS\form\q-form 
[info] i  Authorizing with GitHub to upload your service account to a GitHub repository's secrets store. 
[info] 
[info] Visit this URL on this device to log in:
[info] https://github.com/login/oauth/authorize?client_id=89cf50f02ac6aaed3484&state=253496762&redirect_uri=http%3A%2F%2Flocalhost%3A9005&scope=read%3Auser%20repo%20public_repo
[info] 
[info] Waiting for authentication...
[debug] [2024-08-16T04:16:45.770Z] >>> [apiv2][query] POST https://github.com/login/oauth/access_token [none]
[debug] [2024-08-16T04:16:45.770Z] >>> [apiv2][body] POST https://github.com/login/oauth/access_token [stream]
[debug] [2024-08-16T04:16:46.133Z] <<< [apiv2][status] POST https://github.com/login/oauth/access_token 200
[debug] [2024-08-16T04:16:46.133Z] <<< [apiv2][body] POST https://github.com/login/oauth/access_token {"access_token":"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","token_type":"bearer","scope":"read:user,repo"}
[debug] [2024-08-16T04:16:46.140Z] >>> [apiv2][query] GET https://api.github.com/user [none]
[debug] [2024-08-16T04:16:46.460Z] <<< [apiv2][status] GET https://api.github.com/user 200
[debug] [2024-08-16T04:16:46.461Z] <<< [apiv2][body] GET https://api.github.com/user {"login":"SzunigaDev","id":149651260,"node_id":"U_kgDOCOt_PA","avatar_url":"https://avatars.githubusercontent.com/u/149651260?v=4","gravatar_id":"","url":"https://api.github.com/users/SzunigaDev","html_url":"https://github.com/SzunigaDev","followers_url":"https://api.github.com/users/SzunigaDev/followers","following_url":"https://api.github.com/users/SzunigaDev/following{/other_user}","gists_url":"https://api.github.com/users/SzunigaDev/gists{/gist_id}","starred_url":"https://api.github.com/users/SzunigaDev/starred{/owner}{/repo}","subscriptions_url":"https://api.github.com/users/SzunigaDev/subscriptions","organizations_url":"https://api.github.com/users/SzunigaDev/orgs","repos_url":"https://api.github.com/users/SzunigaDev/repos","events_url":"https://api.github.com/users/SzunigaDev/events{/privacy}","received_events_url":"https://api.github.com/users/SzunigaDev/received_events","type":"User","site_admin":false,"name":"SzunigaDev","company":null,"blog":"","location":"Cd. Juárez, Chihuahua, México","email":null,"hireable":null,"bio":"Py Django REST & Vuejs","twitter_username":null,"notification_email":null,"public_repos":9,"public_gists":0,"followers":0,"following":1,"created_at":"2023-11-02T05:11:36Z","updated_at":"2024-07-23T08:29:56Z","private_gists":0,"total_private_repos":9,"owned_private_repos":9,"disk_usage":79904,"collaborators":0,"two_factor_authentication":false,"plan":{"name":"free","space":976562499,"collaborators":0,"private_repos":10000}}
[info] 
[info] +  Success! Logged into GitHub as SzunigaDev 
[info] 
[debug] [2024-08-16T04:17:08.759Z] >>> [apiv2][query] GET https://api.github.com/repos//actions/secrets/public-key type=owner
[debug] [2024-08-16T04:17:09.051Z] <<< [apiv2][status] GET https://api.github.com/repos//actions/secrets/public-key 404
[debug] [2024-08-16T04:17:09.051Z] <<< [apiv2][body] GET https://api.github.com/repos//actions/secrets/public-key {"message":"Not Found","documentation_url":"https://docs.github.com/rest","status":"404"}
[info] 
[info] 
[error] !  The provided authorization cannot be used with this repository. If this repository is in an organization, did you remember to grant access? 
[info] 
[info] i  Action required: Visit this URL to ensure access has been granted to the appropriate organization(s) for the Firebase CLI GitHub OAuth App: 
[info] https://github.com/settings/connections/applications/89cf50f02ac6aaed3484
[info] 
